<?xml version="1.0" encoding="UTF-8"?>
<testsuite xmlns:xsi="http://www.w3.org/2001/XMLSchema-instance" xsi:noNamespaceSchemaLocation="https://maven.apache.org/surefire/maven-surefire-plugin/xsd/surefire-test-report.xsd" name="ru.netology.manager.MovieManagerTest" time="0.016" tests="4" errors="0" skipped="0" failures="0">
  <properties>
[...]
</properties>
  <testcase name="mustShowValid" classname="ru.netology.manager.MovieManagerTest" time="0.016"/>
  <testcase name="mustShowNothing" classname="ru.netology.manager.MovieManagerTest" time="0"/>
  <testcase name="mustShowTenMovie" classname="ru.netology.manager.MovieManagerTest" time="0"/>
  <testcase name="mustShowOverMax" classname="ru.netology.manager.MovieManagerTest" time="0"/>
</testsuite>